000 (005.000.000) 11/25 12:49:27 Job submitted from host: <146.169.53.84:37272>
...
001 (005.000.000) 11/25 12:49:28 Job executing on host: <146.169.52.17:33884>
...
006 (005.000.000) 11/25 12:49:36 Image size of job updated: 1
	3  -  MemoryUsage of job (MB)
	2144  -  ResidentSetSize of job (KB)
...
006 (005.000.000) 11/25 12:54:36 Image size of job updated: 5791604
	73  -  MemoryUsage of job (MB)
	74712  -  ResidentSetSize of job (KB)
...
006 (005.000.000) 11/25 12:59:36 Image size of job updated: 5793860
	75  -  MemoryUsage of job (MB)
	76748  -  ResidentSetSize of job (KB)
...
006 (005.000.000) 11/25 13:03:04 Image size of job updated: 5795700
	75  -  MemoryUsage of job (MB)
	76748  -  ResidentSetSize of job (KB)
...
005 (005.000.000) 11/25 13:03:04 Job terminated.
	(1) Normal termination (return value 0)
		Usr 0 00:13:28, Sys 0 00:00:00  -  Run Remote Usage
		Usr 0 00:00:00, Sys 0 00:00:00  -  Run Local Usage
		Usr 0 00:13:28, Sys 0 00:00:00  -  Total Remote Usage
		Usr 0 00:00:00, Sys 0 00:00:00  -  Total Local Usage
	0  -  Run Bytes Sent By Job
	0  -  Run Bytes Received By Job
	0  -  Total Bytes Sent By Job
	0  -  Total Bytes Received By Job
	Partitionable Resources :    Usage  Request Allocated
	   Cpus                 :                 1         8
	   Disk (KB)            :        1        1   8336392
	   Memory (MB)          :       75        1     15922
...
000 (006.000.000) 11/25 13:09:48 Job submitted from host: <146.169.53.84:37272>
...
000 (006.001.000) 11/25 13:09:48 Job submitted from host: <146.169.53.84:37272>
...
000 (006.002.000) 11/25 13:09:48 Job submitted from host: <146.169.53.84:37272>
...
000 (006.003.000) 11/25 13:09:48 Job submitted from host: <146.169.53.84:37272>
...
000 (006.004.000) 11/25 13:09:48 Job submitted from host: <146.169.53.84:37272>
...
000 (006.005.000) 11/25 13:09:48 Job submitted from host: <146.169.53.84:37272>
...
000 (006.006.000) 11/25 13:09:48 Job submitted from host: <146.169.53.84:37272>
...
000 (006.007.000) 11/25 13:09:48 Job submitted from host: <146.169.53.84:37272>
...
000 (006.008.000) 11/25 13:09:48 Job submitted from host: <146.169.53.84:37272>
...
000 (006.009.000) 11/25 13:09:48 Job submitted from host: <146.169.53.84:37272>
...
000 (006.010.000) 11/25 13:09:48 Job submitted from host: <146.169.53.84:37272>
...
000 (006.011.000) 11/25 13:09:48 Job submitted from host: <146.169.53.84:37272>
...
000 (006.012.000) 11/25 13:09:48 Job submitted from host: <146.169.53.84:37272>
...
000 (006.013.000) 11/25 13:09:48 Job submitted from host: <146.169.53.84:37272>
...
000 (006.014.000) 11/25 13:09:48 Job submitted from host: <146.169.53.84:37272>
...
000 (006.015.000) 11/25 13:09:48 Job submitted from host: <146.169.53.84:37272>
...
000 (006.016.000) 11/25 13:09:48 Job submitted from host: <146.169.53.84:37272>
...
000 (006.017.000) 11/25 13:09:48 Job submitted from host: <146.169.53.84:37272>
...
000 (006.018.000) 11/25 13:09:48 Job submitted from host: <146.169.53.84:37272>
...
000 (006.019.000) 11/25 13:09:48 Job submitted from host: <146.169.53.84:37272>
...
001 (006.000.000) 11/25 13:09:50 Job executing on host: <146.169.53.186:50500>
...
001 (006.001.000) 11/25 13:09:50 Job executing on host: <146.169.53.192:34586>
...
001 (006.002.000) 11/25 13:09:50 Job executing on host: <146.169.5.45:47540>
...
001 (006.003.000) 11/25 13:09:50 Job executing on host: <146.169.52.118:43801>
...
001 (006.005.000) 11/25 13:09:50 Job executing on host: <146.169.24.10:42228>
...
001 (006.004.000) 11/25 13:09:50 Job executing on host: <146.169.53.71:49208>
...
001 (006.006.000) 11/25 13:09:50 Job executing on host: <146.169.5.156:33814>
...
001 (006.009.000) 11/25 13:09:50 Job executing on host: <146.169.24.47:37916>
...
001 (006.008.000) 11/25 13:09:50 Job executing on host: <146.169.54.2:33891>
...
001 (006.013.000) 11/25 13:09:50 Job executing on host: <146.169.24.112:37128>
...
001 (006.011.000) 11/25 13:09:50 Job executing on host: <146.169.24.115:48190>
...
006 (006.000.000) 11/25 13:09:58 Image size of job updated: 1
	3  -  MemoryUsage of job (MB)
	2140  -  ResidentSetSize of job (KB)
...
006 (006.001.000) 11/25 13:09:58 Image size of job updated: 1
	3  -  MemoryUsage of job (MB)
	2140  -  ResidentSetSize of job (KB)
...
006 (006.002.000) 11/25 13:09:58 Image size of job updated: 1
	3  -  MemoryUsage of job (MB)
	2140  -  ResidentSetSize of job (KB)
...
006 (006.005.000) 11/25 13:09:58 Image size of job updated: 159864
	29  -  MemoryUsage of job (MB)
	29004  -  ResidentSetSize of job (KB)
...
006 (006.004.000) 11/25 13:09:58 Image size of job updated: 1
	3  -  MemoryUsage of job (MB)
	2144  -  ResidentSetSize of job (KB)
...
006 (006.003.000) 11/25 13:09:58 Image size of job updated: 1
	3  -  MemoryUsage of job (MB)
	2140  -  ResidentSetSize of job (KB)
...
006 (006.006.000) 11/25 13:09:58 Image size of job updated: 1
	3  -  MemoryUsage of job (MB)
	2140  -  ResidentSetSize of job (KB)
...
006 (006.009.000) 11/25 13:09:58 Image size of job updated: 1
	3  -  MemoryUsage of job (MB)
	2148  -  ResidentSetSize of job (KB)
...
006 (006.008.000) 11/25 13:09:59 Image size of job updated: 1
	3  -  MemoryUsage of job (MB)
	2136  -  ResidentSetSize of job (KB)
...
006 (006.013.000) 11/25 13:09:59 Image size of job updated: 1
	3  -  MemoryUsage of job (MB)
	2144  -  ResidentSetSize of job (KB)
...
006 (006.011.000) 11/25 13:09:59 Image size of job updated: 5789496
	72  -  MemoryUsage of job (MB)
	72752  -  ResidentSetSize of job (KB)
...
001 (006.010.000) 11/25 13:10:50 Job executing on host: <146.169.52.6:37955>
...
001 (006.007.000) 11/25 13:10:50 Job executing on host: <146.169.53.194:40237>
...
001 (006.014.000) 11/25 13:10:50 Job executing on host: <146.169.24.196:38973>
...
001 (006.012.000) 11/25 13:10:50 Job executing on host: <146.169.53.187:41994>
...
001 (006.019.000) 11/25 13:10:50 Job executing on host: <146.169.52.15:51724>
...
001 (006.017.000) 11/25 13:10:50 Job executing on host: <146.169.53.51:55403>
...
006 (006.010.000) 11/25 13:10:59 Image size of job updated: 5788876
	71  -  MemoryUsage of job (MB)
	71932  -  ResidentSetSize of job (KB)
...
006 (006.014.000) 11/25 13:10:59 Image size of job updated: 5789232
	71  -  MemoryUsage of job (MB)
	72604  -  ResidentSetSize of job (KB)
...
006 (006.012.000) 11/25 13:10:59 Image size of job updated: 1
	3  -  MemoryUsage of job (MB)
	2148  -  ResidentSetSize of job (KB)
...
006 (006.019.000) 11/25 13:10:59 Image size of job updated: 1
	3  -  MemoryUsage of job (MB)
	2136  -  ResidentSetSize of job (KB)
...
006 (006.007.000) 11/25 13:10:59 Image size of job updated: 1
	3  -  MemoryUsage of job (MB)
	2148  -  ResidentSetSize of job (KB)
...
006 (006.017.000) 11/25 13:10:59 Image size of job updated: 1
	3  -  MemoryUsage of job (MB)
	2136  -  ResidentSetSize of job (KB)
...
001 (006.015.000) 11/25 13:11:49 Job executing on host: <146.169.52.16:44593>
...
001 (006.016.000) 11/25 13:11:49 Job executing on host: <146.169.53.55:34695>
...
006 (006.015.000) 11/25 13:11:58 Image size of job updated: 1
	3  -  MemoryUsage of job (MB)
	2144  -  ResidentSetSize of job (KB)
...
006 (006.016.000) 11/25 13:11:58 Image size of job updated: 1
	3  -  MemoryUsage of job (MB)
	2140  -  ResidentSetSize of job (KB)
...
001 (006.018.000) 11/25 13:12:49 Job executing on host: <146.169.24.17:58847>
...
006 (006.018.000) 11/25 13:12:58 Image size of job updated: 1
	3  -  MemoryUsage of job (MB)
	2148  -  ResidentSetSize of job (KB)
...
006 (006.002.000) 11/25 13:14:58 Image size of job updated: 5793888
	74  -  MemoryUsage of job (MB)
	75040  -  ResidentSetSize of job (KB)
...
006 (006.005.000) 11/25 13:14:58 Image size of job updated: 5793860
	76  -  MemoryUsage of job (MB)
	76864  -  ResidentSetSize of job (KB)
...
006 (006.000.000) 11/25 13:14:58 Image size of job updated: 5791704
	74  -  MemoryUsage of job (MB)
	74960  -  ResidentSetSize of job (KB)
...
006 (006.004.000) 11/25 13:14:58 Image size of job updated: 5793604
	74  -  MemoryUsage of job (MB)
	75076  -  ResidentSetSize of job (KB)
...
006 (006.001.000) 11/25 13:14:58 Image size of job updated: 5791732
	74  -  MemoryUsage of job (MB)
	74944  -  ResidentSetSize of job (KB)
...
006 (006.003.000) 11/25 13:14:58 Image size of job updated: 5791764
	101  -  MemoryUsage of job (MB)
	102540  -  ResidentSetSize of job (KB)
...
006 (006.009.000) 11/25 13:14:58 Image size of job updated: 5794308
	78  -  MemoryUsage of job (MB)
	79512  -  ResidentSetSize of job (KB)
...
006 (006.006.000) 11/25 13:14:58 Image size of job updated: 5793468
	101  -  MemoryUsage of job (MB)
	102680  -  ResidentSetSize of job (KB)
...
006 (006.008.000) 11/25 13:15:00 Image size of job updated: 5791732
	74  -  MemoryUsage of job (MB)
	74824  -  ResidentSetSize of job (KB)
...
006 (006.011.000) 11/25 13:15:00 Image size of job updated: 5791612
	101  -  MemoryUsage of job (MB)
	102744  -  ResidentSetSize of job (KB)
...
006 (006.013.000) 11/25 13:15:00 Image size of job updated: 5791568
	73  -  MemoryUsage of job (MB)
	74648  -  ResidentSetSize of job (KB)
...
006 (006.017.000) 11/25 13:16:00 Image size of job updated: 5793624
	76  -  MemoryUsage of job (MB)
	76944  -  ResidentSetSize of job (KB)
...
006 (006.007.000) 11/25 13:16:00 Image size of job updated: 5791776
	74  -  MemoryUsage of job (MB)
	75088  -  ResidentSetSize of job (KB)
...
006 (006.010.000) 11/25 13:16:00 Image size of job updated: 5791508
	73  -  MemoryUsage of job (MB)
	74736  -  ResidentSetSize of job (KB)
...
006 (006.012.000) 11/25 13:16:00 Image size of job updated: 5791636
	73  -  MemoryUsage of job (MB)
	74732  -  ResidentSetSize of job (KB)
...
006 (006.014.000) 11/25 13:16:00 Image size of job updated: 5791744
	101  -  MemoryUsage of job (MB)
	102828  -  ResidentSetSize of job (KB)
...
006 (006.019.000) 11/25 13:16:00 Image size of job updated: 5791600
	73  -  MemoryUsage of job (MB)
	74660  -  ResidentSetSize of job (KB)
...
010 (006.013.000) 11/25 13:16:55 Job was suspended.
	Number of processes actually suspended: 2
...
006 (006.013.000) 11/25 13:16:56 Image size of job updated: 5792624
	75  -  MemoryUsage of job (MB)
	75872  -  ResidentSetSize of job (KB)
...
006 (006.016.000) 11/25 13:16:59 Image size of job updated: 5793600
	101  -  MemoryUsage of job (MB)
	102844  -  ResidentSetSize of job (KB)
...
006 (006.015.000) 11/25 13:16:59 Image size of job updated: 5791632
	74  -  MemoryUsage of job (MB)
	74784  -  ResidentSetSize of job (KB)
...
006 (006.018.000) 11/25 13:17:58 Image size of job updated: 5793560
	78  -  MemoryUsage of job (MB)
	78924  -  ResidentSetSize of job (KB)
...
006 (006.004.000) 11/25 13:19:58 Image size of job updated: 5796104
	103  -  MemoryUsage of job (MB)
	104992  -  ResidentSetSize of job (KB)
...
006 (006.002.000) 11/25 13:19:58 Image size of job updated: 5795868
	76  -  MemoryUsage of job (MB)
	77344  -  ResidentSetSize of job (KB)
...
006 (006.000.000) 11/25 13:19:58 Image size of job updated: 5793816
	103  -  MemoryUsage of job (MB)
	104564  -  ResidentSetSize of job (KB)
...
006 (006.005.000) 11/25 13:19:58 Image size of job updated: 5796360
	78  -  MemoryUsage of job (MB)
	78856  -  ResidentSetSize of job (KB)
...
006 (006.001.000) 11/25 13:19:58 Image size of job updated: 5793844
	103  -  MemoryUsage of job (MB)
	104536  -  ResidentSetSize of job (KB)
...
006 (006.003.000) 11/25 13:19:58 Image size of job updated: 5794008
	103  -  MemoryUsage of job (MB)
	104728  -  ResidentSetSize of job (KB)
...
006 (006.009.000) 11/25 13:19:59 Image size of job updated: 5795900
	79  -  MemoryUsage of job (MB)
	80820  -  ResidentSetSize of job (KB)
...
006 (006.006.000) 11/25 13:19:59 Image size of job updated: 5796100
	103  -  MemoryUsage of job (MB)
	105272  -  ResidentSetSize of job (KB)
...
006 (006.011.000) 11/25 13:20:01 Image size of job updated: 5794244
	104  -  MemoryUsage of job (MB)
	106328  -  ResidentSetSize of job (KB)
...
006 (006.008.000) 11/25 13:20:01 Image size of job updated: 5793976
	103  -  MemoryUsage of job (MB)
	104780  -  ResidentSetSize of job (KB)
...
006 (006.017.000) 11/25 13:21:00 Image size of job updated: 5796000
	78  -  MemoryUsage of job (MB)
	79188  -  ResidentSetSize of job (KB)
...
006 (006.007.000) 11/25 13:21:00 Image size of job updated: 5794020
	76  -  MemoryUsage of job (MB)
	76980  -  ResidentSetSize of job (KB)
...
006 (006.014.000) 11/25 13:21:01 Image size of job updated: 5794116
	103  -  MemoryUsage of job (MB)
	105144  -  ResidentSetSize of job (KB)
...
006 (006.019.000) 11/25 13:21:01 Image size of job updated: 5793456
	75  -  MemoryUsage of job (MB)
	76708  -  ResidentSetSize of job (KB)
...
006 (006.012.000) 11/25 13:21:01 Image size of job updated: 5794012
	76  -  MemoryUsage of job (MB)
	76992  -  ResidentSetSize of job (KB)
...
006 (006.010.000) 11/25 13:21:01 Image size of job updated: 5794144
	103  -  MemoryUsage of job (MB)
	104920  -  ResidentSetSize of job (KB)
...
006 (006.016.000) 11/25 13:21:59 Image size of job updated: 5796100
	103  -  MemoryUsage of job (MB)
	105376  -  ResidentSetSize of job (KB)
...
006 (006.015.000) 11/25 13:22:00 Image size of job updated: 5794144
	103  -  MemoryUsage of job (MB)
	104832  -  ResidentSetSize of job (KB)
...
011 (006.013.000) 11/25 13:22:50 Job was unsuspended.
...
006 (006.001.000) 11/25 13:22:52 Image size of job updated: 5795032
	103  -  MemoryUsage of job (MB)
	104536  -  ResidentSetSize of job (KB)
...
005 (006.001.000) 11/25 13:22:52 Job terminated.
	(1) Normal termination (return value 0)
		Usr 0 00:12:58, Sys 0 00:00:00  -  Run Remote Usage
		Usr 0 00:00:00, Sys 0 00:00:00  -  Run Local Usage
		Usr 0 00:12:58, Sys 0 00:00:00  -  Total Remote Usage
		Usr 0 00:00:00, Sys 0 00:00:00  -  Total Local Usage
	0  -  Run Bytes Sent By Job
	0  -  Run Bytes Received By Job
	0  -  Total Bytes Sent By Job
	0  -  Total Bytes Received By Job
	Partitionable Resources :    Usage  Request Allocated
	   Cpus                 :                 1         8
	   Disk (KB)            :        1        1   8581384
	   Memory (MB)          :      103        1     15922
...
006 (006.006.000) 11/25 13:22:55 Image size of job updated: 5796900
	103  -  MemoryUsage of job (MB)
	105272  -  ResidentSetSize of job (KB)
...
005 (006.006.000) 11/25 13:22:55 Job terminated.
	(1) Normal termination (return value 0)
		Usr 0 00:12:53, Sys 0 00:00:00  -  Run Remote Usage
		Usr 0 00:00:00, Sys 0 00:00:00  -  Run Local Usage
		Usr 0 00:12:53, Sys 0 00:00:00  -  Total Remote Usage
		Usr 0 00:00:00, Sys 0 00:00:00  -  Total Local Usage
	0  -  Run Bytes Sent By Job
	0  -  Run Bytes Received By Job
	0  -  Total Bytes Sent By Job
	0  -  Total Bytes Received By Job
	Partitionable Resources :    Usage  Request Allocated
	   Cpus                 :                 1         8
	   Disk (KB)            :        1        1   7137496
	   Memory (MB)          :      103        1     15928
...
006 (006.018.000) 11/25 13:22:58 Image size of job updated: 5795672
	103  -  MemoryUsage of job (MB)
	104684  -  ResidentSetSize of job (KB)
...
006 (006.004.000) 11/25 13:23:00 Image size of job updated: 5797428
	103  -  MemoryUsage of job (MB)
	104992  -  ResidentSetSize of job (KB)
...
005 (006.004.000) 11/25 13:23:00 Job terminated.
	(1) Normal termination (return value 0)
		Usr 0 00:13:00, Sys 0 00:00:00  -  Run Remote Usage
		Usr 0 00:00:00, Sys 0 00:00:00  -  Run Local Usage
		Usr 0 00:13:00, Sys 0 00:00:00  -  Total Remote Usage
		Usr 0 00:00:00, Sys 0 00:00:00  -  Total Local Usage
	0  -  Run Bytes Sent By Job
	0  -  Run Bytes Received By Job
	0  -  Total Bytes Sent By Job
	0  -  Total Bytes Received By Job
	Partitionable Resources :    Usage  Request Allocated
	   Cpus                 :                 1         8
	   Disk (KB)            :        1        1   9080056
	   Memory (MB)          :      103        1     15928
...
006 (006.008.000) 11/25 13:23:02 Image size of job updated: 5795296
	103  -  MemoryUsage of job (MB)
	104780  -  ResidentSetSize of job (KB)
...
005 (006.008.000) 11/25 13:23:02 Job terminated.
	(1) Normal termination (return value 0)
		Usr 0 00:13:00, Sys 0 00:00:00  -  Run Remote Usage
		Usr 0 00:00:00, Sys 0 00:00:00  -  Run Local Usage
		Usr 0 00:13:00, Sys 0 00:00:00  -  Total Remote Usage
		Usr 0 00:00:00, Sys 0 00:00:00  -  Total Local Usage
	0  -  Run Bytes Sent By Job
	0  -  Run Bytes Received By Job
	0  -  Total Bytes Sent By Job
	0  -  Total Bytes Received By Job
	Partitionable Resources :    Usage  Request Allocated
	   Cpus                 :                 1         8
	   Disk (KB)            :        1        1   8580908
	   Memory (MB)          :      103        1     15922
...
006 (006.011.000) 11/25 13:23:03 Image size of job updated: 5795564
	104  -  MemoryUsage of job (MB)
	106328  -  ResidentSetSize of job (KB)
...
005 (006.011.000) 11/25 13:23:03 Job terminated.
	(1) Normal termination (return value 0)
		Usr 0 00:13:07, Sys 0 00:00:00  -  Run Remote Usage
		Usr 0 00:00:00, Sys 0 00:00:00  -  Run Local Usage
		Usr 0 00:13:07, Sys 0 00:00:00  -  Total Remote Usage
		Usr 0 00:00:00, Sys 0 00:00:00  -  Total Local Usage
	0  -  Run Bytes Sent By Job
	0  -  Run Bytes Received By Job
	0  -  Total Bytes Sent By Job
	0  -  Total Bytes Received By Job
	Partitionable Resources :    Usage  Request Allocated
	   Cpus                 :                 1         8
	   Disk (KB)            :        1        1   8609428
	   Memory (MB)          :      104        1     15923
...
006 (006.000.000) 11/25 13:23:14 Image size of job updated: 5795136
	103  -  MemoryUsage of job (MB)
	104564  -  ResidentSetSize of job (KB)
...
005 (006.000.000) 11/25 13:23:14 Job terminated.
	(1) Normal termination (return value 0)
		Usr 0 00:13:11, Sys 0 00:00:00  -  Run Remote Usage
		Usr 0 00:00:00, Sys 0 00:00:00  -  Run Local Usage
		Usr 0 00:13:11, Sys 0 00:00:00  -  Total Remote Usage
		Usr 0 00:00:00, Sys 0 00:00:00  -  Total Local Usage
	0  -  Run Bytes Sent By Job
	0  -  Run Bytes Received By Job
	0  -  Total Bytes Sent By Job
	0  -  Total Bytes Received By Job
	Partitionable Resources :    Usage  Request Allocated
	   Cpus                 :                 1         8
	   Disk (KB)            :        1        1   8581592
	   Memory (MB)          :      103        1     15922
...
010 (006.016.000) 11/25 13:23:20 Job was suspended.
	Number of processes actually suspended: 2
...
006 (006.016.000) 11/25 13:23:20 Image size of job updated: 5796760
	104  -  MemoryUsage of job (MB)
	105712  -  ResidentSetSize of job (KB)
...
006 (006.003.000) 11/25 13:23:28 Image size of job updated: 5795460
	103  -  MemoryUsage of job (MB)
	104728  -  ResidentSetSize of job (KB)
...
005 (006.003.000) 11/25 13:23:28 Job terminated.
	(1) Normal termination (return value 0)
		Usr 0 00:13:29, Sys 0 00:00:00  -  Run Remote Usage
		Usr 0 00:00:00, Sys 0 00:00:00  -  Run Local Usage
		Usr 0 00:13:29, Sys 0 00:00:00  -  Total Remote Usage
		Usr 0 00:00:00, Sys 0 00:00:00  -  Total Local Usage
	0  -  Run Bytes Sent By Job
	0  -  Run Bytes Received By Job
	0  -  Total Bytes Sent By Job
	0  -  Total Bytes Received By Job
	Partitionable Resources :    Usage  Request Allocated
	   Cpus                 :                 1         8
	   Disk (KB)            :        1        1   7881680
	   Memory (MB)          :      103        1     15923
...
006 (006.005.000) 11/25 13:23:39 Image size of job updated: 5798208
	78  -  MemoryUsage of job (MB)
	78856  -  ResidentSetSize of job (KB)
...
005 (006.005.000) 11/25 13:23:39 Job terminated.
	(1) Normal termination (return value 0)
		Usr 0 00:13:45, Sys 0 00:00:00  -  Run Remote Usage
		Usr 0 00:00:00, Sys 0 00:00:00  -  Run Local Usage
		Usr 0 00:13:45, Sys 0 00:00:00  -  Total Remote Usage
		Usr 0 00:00:00, Sys 0 00:00:00  -  Total Local Usage
	0  -  Run Bytes Sent By Job
	0  -  Run Bytes Received By Job
	0  -  Total Bytes Sent By Job
	0  -  Total Bytes Received By Job
	Partitionable Resources :    Usage  Request Allocated
	   Cpus                 :                 1         8
	   Disk (KB)            :        1        1   7354180
	   Memory (MB)          :       78        1     15928
...
006 (006.009.000) 11/25 13:23:49 Image size of job updated: 5797616
	79  -  MemoryUsage of job (MB)
	80820  -  ResidentSetSize of job (KB)
...
005 (006.009.000) 11/25 13:23:49 Job terminated.
	(1) Normal termination (return value 0)
		Usr 0 00:13:43, Sys 0 00:00:00  -  Run Remote Usage
		Usr 0 00:00:00, Sys 0 00:00:00  -  Run Local Usage
		Usr 0 00:13:43, Sys 0 00:00:00  -  Total Remote Usage
		Usr 0 00:00:00, Sys 0 00:00:00  -  Total Local Usage
	0  -  Run Bytes Sent By Job
	0  -  Run Bytes Received By Job
	0  -  Total Bytes Sent By Job
	0  -  Total Bytes Received By Job
	Partitionable Resources :    Usage  Request Allocated
	   Cpus                 :                 1         8
	   Disk (KB)            :        1        1   7893036
	   Memory (MB)          :       79        1     15928
...
006 (006.002.000) 11/25 13:23:49 Image size of job updated: 5797584
	76  -  MemoryUsage of job (MB)
	77344  -  ResidentSetSize of job (KB)
...
005 (006.002.000) 11/25 13:23:49 Job terminated.
	(1) Normal termination (return value 0)
		Usr 0 00:13:45, Sys 0 00:00:00  -  Run Remote Usage
		Usr 0 00:00:00, Sys 0 00:00:00  -  Run Local Usage
		Usr 0 00:13:45, Sys 0 00:00:00  -  Total Remote Usage
		Usr 0 00:00:00, Sys 0 00:00:00  -  Total Local Usage
	0  -  Run Bytes Sent By Job
	0  -  Run Bytes Received By Job
	0  -  Total Bytes Sent By Job
	0  -  Total Bytes Received By Job
	Partitionable Resources :    Usage  Request Allocated
	   Cpus                 :                 1         8
	   Disk (KB)            :        1        1   7892308
	   Memory (MB)          :       76        1     15928
...
006 (006.010.000) 11/25 13:23:51 Image size of job updated: 5795068
	103  -  MemoryUsage of job (MB)
	104920  -  ResidentSetSize of job (KB)
...
005 (006.010.000) 11/25 13:23:51 Job terminated.
	(1) Normal termination (return value 0)
		Usr 0 00:12:48, Sys 0 00:00:00  -  Run Remote Usage
		Usr 0 00:00:00, Sys 0 00:00:00  -  Run Local Usage
		Usr 0 00:12:48, Sys 0 00:00:00  -  Total Remote Usage
		Usr 0 00:00:00, Sys 0 00:00:00  -  Total Local Usage
	0  -  Run Bytes Sent By Job
	0  -  Run Bytes Received By Job
	0  -  Total Bytes Sent By Job
	0  -  Total Bytes Received By Job
	Partitionable Resources :    Usage  Request Allocated
	   Cpus                 :                 1         8
	   Disk (KB)            :        1        1   7996572
	   Memory (MB)          :      103        1     15922
...
006 (006.019.000) 11/25 13:24:02 Image size of job updated: 5794772
	75  -  MemoryUsage of job (MB)
	76708  -  ResidentSetSize of job (KB)
...
005 (006.019.000) 11/25 13:24:02 Job terminated.
	(1) Normal termination (return value 0)
		Usr 0 00:12:59, Sys 0 00:00:00  -  Run Remote Usage
		Usr 0 00:00:00, Sys 0 00:00:00  -  Run Local Usage
		Usr 0 00:12:59, Sys 0 00:00:00  -  Total Remote Usage
		Usr 0 00:00:00, Sys 0 00:00:00  -  Total Local Usage
	0  -  Run Bytes Sent By Job
	0  -  Run Bytes Received By Job
	0  -  Total Bytes Sent By Job
	0  -  Total Bytes Received By Job
	Partitionable Resources :    Usage  Request Allocated
	   Cpus                 :                 1         8
	   Disk (KB)            :        1        1   8336336
	   Memory (MB)          :       75        1     15922
...
006 (006.014.000) 11/25 13:24:05 Image size of job updated: 5795180
	103  -  MemoryUsage of job (MB)
	105144  -  ResidentSetSize of job (KB)
...
005 (006.014.000) 11/25 13:24:05 Job terminated.
	(1) Normal termination (return value 0)
		Usr 0 00:13:05, Sys 0 00:00:00  -  Run Remote Usage
		Usr 0 00:00:00, Sys 0 00:00:00  -  Run Local Usage
		Usr 0 00:13:05, Sys 0 00:00:00  -  Total Remote Usage
		Usr 0 00:00:00, Sys 0 00:00:00  -  Total Local Usage
	0  -  Run Bytes Sent By Job
	0  -  Run Bytes Received By Job
	0  -  Total Bytes Sent By Job
	0  -  Total Bytes Received By Job
	Partitionable Resources :    Usage  Request Allocated
	   Cpus                 :                 1         8
	   Disk (KB)            :        1        1   8922880
	   Memory (MB)          :      103        1     15922
...
006 (006.007.000) 11/25 13:24:12 Image size of job updated: 5795084
	76  -  MemoryUsage of job (MB)
	76980  -  ResidentSetSize of job (KB)
...
005 (006.007.000) 11/25 13:24:12 Job terminated.
	(1) Normal termination (return value 0)
		Usr 0 00:13:14, Sys 0 00:00:00  -  Run Remote Usage
		Usr 0 00:00:00, Sys 0 00:00:00  -  Run Local Usage
		Usr 0 00:13:14, Sys 0 00:00:00  -  Total Remote Usage
		Usr 0 00:00:00, Sys 0 00:00:00  -  Total Local Usage
	0  -  Run Bytes Sent By Job
	0  -  Run Bytes Received By Job
	0  -  Total Bytes Sent By Job
	0  -  Total Bytes Received By Job
	Partitionable Resources :    Usage  Request Allocated
	   Cpus                 :                 1         8
	   Disk (KB)            :        1        1   8581540
	   Memory (MB)          :       76        1     15922
...
006 (006.012.000) 11/25 13:24:17 Image size of job updated: 5795200
	76  -  MemoryUsage of job (MB)
	76992  -  ResidentSetSize of job (KB)
...
005 (006.012.000) 11/25 13:24:18 Job terminated.
	(1) Normal termination (return value 0)
		Usr 0 00:13:14, Sys 0 00:00:00  -  Run Remote Usage
		Usr 0 00:00:00, Sys 0 00:00:00  -  Run Local Usage
		Usr 0 00:13:14, Sys 0 00:00:00  -  Total Remote Usage
		Usr 0 00:00:00, Sys 0 00:00:00  -  Total Local Usage
	0  -  Run Bytes Sent By Job
	0  -  Run Bytes Received By Job
	0  -  Total Bytes Sent By Job
	0  -  Total Bytes Received By Job
	Partitionable Resources :    Usage  Request Allocated
	   Cpus                 :                 1         8
	   Disk (KB)            :        1        1   8581260
	   Memory (MB)          :       76        1     15922
...
006 (006.017.000) 11/25 13:24:58 Image size of job updated: 5797716
	78  -  MemoryUsage of job (MB)
	79188  -  ResidentSetSize of job (KB)
...
005 (006.017.000) 11/25 13:24:58 Job terminated.
	(1) Normal termination (return value 0)
		Usr 0 00:13:58, Sys 0 00:00:00  -  Run Remote Usage
		Usr 0 00:00:00, Sys 0 00:00:00  -  Run Local Usage
		Usr 0 00:13:58, Sys 0 00:00:00  -  Total Remote Usage
		Usr 0 00:00:00, Sys 0 00:00:00  -  Total Local Usage
	0  -  Run Bytes Sent By Job
	0  -  Run Bytes Received By Job
	0  -  Total Bytes Sent By Job
	0  -  Total Bytes Received By Job
	Partitionable Resources :    Usage  Request Allocated
	   Cpus                 :                 1         8
	   Disk (KB)            :        1        1   8297672
	   Memory (MB)          :       78        1     15928
...
006 (006.013.000) 11/25 13:25:01 Image size of job updated: 5793288
	75  -  MemoryUsage of job (MB)
	76364  -  ResidentSetSize of job (KB)
...
006 (006.015.000) 11/25 13:25:31 Image size of job updated: 5795728
	103  -  MemoryUsage of job (MB)
	104832  -  ResidentSetSize of job (KB)
...
005 (006.015.000) 11/25 13:25:31 Job terminated.
	(1) Normal termination (return value 0)
		Usr 0 00:13:30, Sys 0 00:00:00  -  Run Remote Usage
		Usr 0 00:00:00, Sys 0 00:00:00  -  Run Local Usage
		Usr 0 00:13:30, Sys 0 00:00:00  -  Total Remote Usage
		Usr 0 00:00:00, Sys 0 00:00:00  -  Total Local Usage
	0  -  Run Bytes Sent By Job
	0  -  Run Bytes Received By Job
	0  -  Total Bytes Sent By Job
	0  -  Total Bytes Received By Job
	Partitionable Resources :    Usage  Request Allocated
	   Cpus                 :                 1         8
	   Disk (KB)            :        1        1   8335860
	   Memory (MB)          :      103        1     15922
...
006 (006.018.000) 11/25 13:27:06 Image size of job updated: 5817732
	103  -  MemoryUsage of job (MB)
	104684  -  ResidentSetSize of job (KB)
...
005 (006.018.000) 11/25 13:27:06 Job terminated.
	(1) Normal termination (return value 0)
		Usr 0 00:14:11, Sys 0 00:00:00  -  Run Remote Usage
		Usr 0 00:00:00, Sys 0 00:00:00  -  Run Local Usage
		Usr 0 00:14:11, Sys 0 00:00:00  -  Total Remote Usage
		Usr 0 00:00:00, Sys 0 00:00:00  -  Total Local Usage
	0  -  Run Bytes Sent By Job
	0  -  Run Bytes Received By Job
	0  -  Total Bytes Sent By Job
	0  -  Total Bytes Received By Job
	Partitionable Resources :    Usage  Request Allocated
	   Cpus                 :                 1         8
	   Disk (KB)            :        1        1   7902784
	   Memory (MB)          :      103        1     15928
...
011 (006.016.000) 11/25 13:29:22 Job was unsuspended.
...
004 (006.016.000) 11/25 13:29:22 Job was evicted.
	(0) Job was not checkpointed.
		Usr 0 00:11:28, Sys 0 00:00:00  -  Run Remote Usage
		Usr 0 00:00:00, Sys 0 00:00:00  -  Run Local Usage
	0  -  Run Bytes Sent By Job
	0  -  Run Bytes Received By Job
	Partitionable Resources :    Usage  Request Allocated
	   Cpus                 :                 1         8
	   Disk (KB)            :        1        1   8068364
	   Memory (MB)          :      104        1     15928
...
006 (006.013.000) 11/25 13:30:02 Image size of job updated: 5795532
	77  -  MemoryUsage of job (MB)
	78592  -  ResidentSetSize of job (KB)
...
005 (006.013.000) 11/25 13:30:04 Job terminated.
	(1) Normal termination (return value 0)
		Usr 0 00:14:02, Sys 0 00:00:00  -  Run Remote Usage
		Usr 0 00:00:00, Sys 0 00:00:00  -  Run Local Usage
		Usr 0 00:14:02, Sys 0 00:00:00  -  Total Remote Usage
		Usr 0 00:00:00, Sys 0 00:00:00  -  Total Local Usage
	0  -  Run Bytes Sent By Job
	0  -  Run Bytes Received By Job
	0  -  Total Bytes Sent By Job
	0  -  Total Bytes Received By Job
	Partitionable Resources :    Usage  Request Allocated
	   Cpus                 :                 1         8
	   Disk (KB)            :        1        1   6669476
	   Memory (MB)          :       77        1     15923
...
001 (006.016.000) 11/25 13:30:15 Job executing on host: <146.169.24.214:44211>
...
005 (006.016.000) 11/25 13:43:48 Job terminated.
	(1) Normal termination (return value 0)
		Usr 0 00:13:25, Sys 0 00:00:00  -  Run Remote Usage
		Usr 0 00:00:00, Sys 0 00:00:00  -  Run Local Usage
		Usr 0 00:13:25, Sys 0 00:00:00  -  Total Remote Usage
		Usr 0 00:00:00, Sys 0 00:00:00  -  Total Local Usage
	0  -  Run Bytes Sent By Job
	0  -  Run Bytes Received By Job
	0  -  Total Bytes Sent By Job
	0  -  Total Bytes Received By Job
	Partitionable Resources :    Usage  Request Allocated
	   Cpus                 :                 1         8
	   Disk (KB)            :        1        1    593920
	   Memory (MB)          :      123      123     15922
...
000 (007.000.000) 11/25 14:15:06 Job submitted from host: <146.169.53.84:37272>
...
000 (007.001.000) 11/25 14:15:06 Job submitted from host: <146.169.53.84:37272>
...
000 (007.002.000) 11/25 14:15:06 Job submitted from host: <146.169.53.84:37272>
...
000 (007.003.000) 11/25 14:15:06 Job submitted from host: <146.169.53.84:37272>
...
000 (007.004.000) 11/25 14:15:06 Job submitted from host: <146.169.53.84:37272>
...
000 (007.005.000) 11/25 14:15:06 Job submitted from host: <146.169.53.84:37272>
...
000 (007.006.000) 11/25 14:15:06 Job submitted from host: <146.169.53.84:37272>
...
000 (007.007.000) 11/25 14:15:06 Job submitted from host: <146.169.53.84:37272>
...
000 (007.008.000) 11/25 14:15:06 Job submitted from host: <146.169.53.84:37272>
...
000 (007.009.000) 11/25 14:15:06 Job submitted from host: <146.169.53.84:37272>
...
000 (007.010.000) 11/25 14:15:06 Job submitted from host: <146.169.53.84:37272>
...
000 (007.011.000) 11/25 14:15:06 Job submitted from host: <146.169.53.84:37272>
...
000 (007.012.000) 11/25 14:15:06 Job submitted from host: <146.169.53.84:37272>
...
000 (007.013.000) 11/25 14:15:06 Job submitted from host: <146.169.53.84:37272>
...
000 (007.014.000) 11/25 14:15:06 Job submitted from host: <146.169.53.84:37272>
...
000 (007.015.000) 11/25 14:15:06 Job submitted from host: <146.169.53.84:37272>
...
000 (007.016.000) 11/25 14:15:06 Job submitted from host: <146.169.53.84:37272>
...
000 (007.017.000) 11/25 14:15:06 Job submitted from host: <146.169.53.84:37272>
...
000 (007.018.000) 11/25 14:15:06 Job submitted from host: <146.169.53.84:37272>
...
000 (007.019.000) 11/25 14:15:06 Job submitted from host: <146.169.53.84:37272>
...
001 (007.004.000) 11/25 14:15:30 Job executing on host: <146.169.24.10:42228>
...
001 (007.007.000) 11/25 14:15:31 Job executing on host: <146.169.53.28:38261>
...
001 (007.006.000) 11/25 14:15:31 Job executing on host: <146.169.53.19:44798>
...
010 (007.006.000) 11/25 14:15:35 Job was suspended.
	Number of processes actually suspended: 2
...
006 (007.006.000) 11/25 14:15:35 Image size of job updated: 5780644
	69  -  MemoryUsage of job (MB)
	70200  -  ResidentSetSize of job (KB)
...
006 (007.007.000) 11/25 14:15:39 Image size of job updated: 1
	3  -  MemoryUsage of job (MB)
	2140  -  ResidentSetSize of job (KB)
...
006 (007.004.000) 11/25 14:15:39 Image size of job updated: 5791032
	71  -  MemoryUsage of job (MB)
	72268  -  ResidentSetSize of job (KB)
...
001 (007.000.000) 11/25 14:16:31 Job executing on host: <146.169.53.68:55406>
...
001 (007.001.000) 11/25 14:16:31 Job executing on host: <146.169.52.7:34540>
...
006 (007.000.000) 11/25 14:16:39 Image size of job updated: 1
	3  -  MemoryUsage of job (MB)
	2148  -  ResidentSetSize of job (KB)
...
006 (007.001.000) 11/25 14:16:39 Image size of job updated: 1
	3  -  MemoryUsage of job (MB)
	2136  -  ResidentSetSize of job (KB)
...
001 (007.003.000) 11/25 14:17:31 Job executing on host: <146.169.52.118:43801>
...
001 (007.008.000) 11/25 14:17:31 Job executing on host: <146.169.53.187:41994>
...
001 (007.002.000) 11/25 14:17:31 Job executing on host: <146.169.24.105:56770>
...
001 (007.009.000) 11/25 14:17:31 Job executing on host: <146.169.24.199:57257>
...
001 (007.013.000) 11/25 14:17:31 Job executing on host: <146.169.53.51:55403>
...
001 (007.012.000) 11/25 14:17:31 Job executing on host: <146.169.53.191:60879>
...
001 (007.015.000) 11/25 14:17:31 Job executing on host: <146.169.52.1:60922>
...
001 (007.019.000) 11/25 14:17:31 Job executing on host: <146.169.24.77:40681>
...
001 (007.016.000) 11/25 14:17:31 Job executing on host: <146.169.52.10:34312>
...
006 (007.003.000) 11/25 14:17:39 Image size of job updated: 1
	3  -  MemoryUsage of job (MB)
	2140  -  ResidentSetSize of job (KB)
...
006 (007.008.000) 11/25 14:17:39 Image size of job updated: 5788876
	76  -  MemoryUsage of job (MB)
	77352  -  ResidentSetSize of job (KB)
...
006 (007.002.000) 11/25 14:17:39 Image size of job updated: 1
	3  -  MemoryUsage of job (MB)
	2140  -  ResidentSetSize of job (KB)
...
006 (007.009.000) 11/25 14:17:39 Image size of job updated: 1
	3  -  MemoryUsage of job (MB)
	2144  -  ResidentSetSize of job (KB)
...
006 (007.013.000) 11/25 14:17:39 Image size of job updated: 1
	3  -  MemoryUsage of job (MB)
	2136  -  ResidentSetSize of job (KB)
...
006 (007.012.000) 11/25 14:17:40 Image size of job updated: 1
	3  -  MemoryUsage of job (MB)
	2140  -  ResidentSetSize of job (KB)
...
006 (007.015.000) 11/25 14:17:40 Image size of job updated: 1
	3  -  MemoryUsage of job (MB)
	2132  -  ResidentSetSize of job (KB)
...
006 (007.019.000) 11/25 14:17:40 Image size of job updated: 1
	3  -  MemoryUsage of job (MB)
	2144  -  ResidentSetSize of job (KB)
...
006 (007.016.000) 11/25 14:17:40 Image size of job updated: 1
	3  -  MemoryUsage of job (MB)
	2140  -  ResidentSetSize of job (KB)
...
001 (007.005.000) 11/25 14:18:31 Job executing on host: <146.169.53.70:34645>
...
001 (007.017.000) 11/25 14:18:31 Job executing on host: <146.169.52.102:42408>
...
001 (007.010.000) 11/25 14:18:31 Job executing on host: <146.169.24.31:49813>
...
001 (007.011.000) 11/25 14:18:31 Job executing on host: <146.169.24.112:37128>
...
001 (007.018.000) 11/25 14:18:31 Job executing on host: <146.169.52.117:43869>
...
001 (007.014.000) 11/25 14:18:32 Job executing on host: <146.169.53.55:34695>
...
006 (007.018.000) 11/25 14:18:40 Image size of job updated: 1
	3  -  MemoryUsage of job (MB)
	2144  -  ResidentSetSize of job (KB)
...
006 (007.014.000) 11/25 14:18:40 Image size of job updated: 1
	3  -  MemoryUsage of job (MB)
	2144  -  ResidentSetSize of job (KB)
...
006 (007.005.000) 11/25 14:18:40 Image size of job updated: 1
	3  -  MemoryUsage of job (MB)
	2144  -  ResidentSetSize of job (KB)
...
006 (007.017.000) 11/25 14:18:40 Image size of job updated: 1
	3  -  MemoryUsage of job (MB)
	2144  -  ResidentSetSize of job (KB)
...
006 (007.010.000) 11/25 14:18:40 Image size of job updated: 1
	3  -  MemoryUsage of job (MB)
	2136  -  ResidentSetSize of job (KB)
...
006 (007.011.000) 11/25 14:18:40 Image size of job updated: 1
	3  -  MemoryUsage of job (MB)
	2144  -  ResidentSetSize of job (KB)
...
006 (007.007.000) 11/25 14:20:39 Image size of job updated: 5782460
	98  -  MemoryUsage of job (MB)
	100176  -  ResidentSetSize of job (KB)
...
006 (007.006.000) 11/25 14:20:39 Image size of job updated: 5780644
	70  -  MemoryUsage of job (MB)
	71380  -  ResidentSetSize of job (KB)
...
006 (007.004.000) 11/25 14:20:40 Image size of job updated: 5794044
	102  -  MemoryUsage of job (MB)
	103432  -  ResidentSetSize of job (KB)
...
010 (007.015.000) 11/25 14:20:56 Job was suspended.
	Number of processes actually suspended: 2
...
006 (007.015.000) 11/25 14:20:56 Image size of job updated: 5790940
	75  -  MemoryUsage of job (MB)
	75848  -  ResidentSetSize of job (KB)
...
010 (007.017.000) 11/25 14:21:06 Job was suspended.
	Number of processes actually suspended: 2
...
006 (007.017.000) 11/25 14:21:06 Image size of job updated: 5792704
	102  -  MemoryUsage of job (MB)
	103620  -  ResidentSetSize of job (KB)
...
011 (007.006.000) 11/25 14:21:37 Job was unsuspended.
...
006 (007.006.000) 11/25 14:21:37 Image size of job updated: 5780644
	96  -  MemoryUsage of job (MB)
	97900  -  ResidentSetSize of job (KB)
...
004 (007.006.000) 11/25 14:21:37 Job was evicted.
	(0) Job was not checkpointed.
		Usr 0 00:00:01, Sys 0 00:00:00  -  Run Remote Usage
		Usr 0 00:00:00, Sys 0 00:00:00  -  Run Local Usage
	0  -  Run Bytes Sent By Job
	0  -  Run Bytes Received By Job
	Partitionable Resources :    Usage  Request Allocated
	   Cpus                 :                 1         8
	   Disk (KB)            :        1        1   7897956
	   Memory (MB)          :       96        1     15892
...
006 (007.000.000) 11/25 14:21:39 Image size of job updated: 5793856
	101  -  MemoryUsage of job (MB)
	102856  -  ResidentSetSize of job (KB)
...
006 (007.001.000) 11/25 14:21:39 Image size of job updated: 5791736
	75  -  MemoryUsage of job (MB)
	76732  -  ResidentSetSize of job (KB)
...
001 (007.006.000) 11/25 14:22:21 Job executing on host: <146.169.53.181:60181>
...
006 (007.003.000) 11/25 14:22:39 Image size of job updated: 5791600
	73  -  MemoryUsage of job (MB)
	74728  -  ResidentSetSize of job (KB)
...
006 (007.002.000) 11/25 14:22:39 Image size of job updated: 5791568
	73  -  MemoryUsage of job (MB)
	74672  -  ResidentSetSize of job (KB)
...
006 (007.008.000) 11/25 14:22:39 Image size of job updated: 5791508
	79  -  MemoryUsage of job (MB)
	80672  -  ResidentSetSize of job (KB)
...
006 (007.013.000) 11/25 14:22:39 Image size of job updated: 5794120
	74  -  MemoryUsage of job (MB)
	75464  -  ResidentSetSize of job (KB)
...
006 (007.009.000) 11/25 14:22:39 Image size of job updated: 5791576
	77  -  MemoryUsage of job (MB)
	77836  -  ResidentSetSize of job (KB)
...
006 (007.012.000) 11/25 14:22:41 Image size of job updated: 5791764
	75  -  MemoryUsage of job (MB)
	76660  -  ResidentSetSize of job (KB)
...
006 (007.016.000) 11/25 14:22:41 Image size of job updated: 5791672
	73  -  MemoryUsage of job (MB)
	74624  -  ResidentSetSize of job (KB)
...
006 (007.019.000) 11/25 14:22:41 Image size of job updated: 5782748
	73  -  MemoryUsage of job (MB)
	74440  -  ResidentSetSize of job (KB)
...
006 (007.018.000) 11/25 14:23:40 Image size of job updated: 5793856
	76  -  MemoryUsage of job (MB)
	77052  -  ResidentSetSize of job (KB)
...
006 (007.014.000) 11/25 14:23:40 Image size of job updated: 5793772
	76  -  MemoryUsage of job (MB)
	77144  -  ResidentSetSize of job (KB)
...
006 (007.011.000) 11/25 14:23:41 Image size of job updated: 5791468
	75  -  MemoryUsage of job (MB)
	76612  -  ResidentSetSize of job (KB)
...
006 (007.010.000) 11/25 14:23:41 Image size of job updated: 5793824
	74  -  MemoryUsage of job (MB)
	75296  -  ResidentSetSize of job (KB)
...
006 (007.005.000) 11/25 14:23:41 Image size of job updated: 5793764
	103  -  MemoryUsage of job (MB)
	104932  -  ResidentSetSize of job (KB)
...
010 (007.012.000) 11/25 14:25:06 Job was suspended.
	Number of processes actually suspended: 2
...
006 (007.012.000) 11/25 14:25:07 Image size of job updated: 5792820
	77  -  MemoryUsage of job (MB)
	77828  -  ResidentSetSize of job (KB)
...
006 (007.007.000) 11/25 14:25:39 Image size of job updated: 5784436
	100  -  MemoryUsage of job (MB)
	101616  -  ResidentSetSize of job (KB)
...
006 (007.004.000) 11/25 14:25:40 Image size of job updated: 5796032
	104  -  MemoryUsage of job (MB)
	105620  -  ResidentSetSize of job (KB)
...
010 (007.014.000) 11/25 14:26:01 Job was suspended.
	Number of processes actually suspended: 2
...
006 (007.014.000) 11/25 14:26:01 Image size of job updated: 5794952
	77  -  MemoryUsage of job (MB)
	78100  -  ResidentSetSize of job (KB)
...
010 (007.016.000) 11/25 14:26:37 Job was suspended.
	Number of processes actually suspended: 2
...
006 (007.016.000) 11/25 14:26:37 Image size of job updated: 5793520
	76  -  MemoryUsage of job (MB)
	77676  -  ResidentSetSize of job (KB)
...
006 (007.001.000) 11/25 14:26:40 Image size of job updated: 5793856
	78  -  MemoryUsage of job (MB)
	79124  -  ResidentSetSize of job (KB)
...
006 (007.000.000) 11/25 14:26:40 Image size of job updated: 5796240
	103  -  MemoryUsage of job (MB)
	105340  -  ResidentSetSize of job (KB)
...
011 (007.015.000) 11/25 14:26:57 Job was unsuspended.
...
004 (007.015.000) 11/25 14:26:57 Job was evicted.
	(0) Job was not checkpointed.
		Usr 0 00:03:24, Sys 0 00:00:00  -  Run Remote Usage
		Usr 0 00:00:00, Sys 0 00:00:00  -  Run Local Usage
	0  -  Run Bytes Sent By Job
	0  -  Run Bytes Received By Job
	Partitionable Resources :    Usage  Request Allocated
	   Cpus                 :                 1         8
	   Disk (KB)            :        1        1   7966496
	   Memory (MB)          :       75        1     15922
...
011 (007.017.000) 11/25 14:27:07 Job was unsuspended.
...
004 (007.017.000) 11/25 14:27:07 Job was evicted.
	(0) Job was not checkpointed.
		Usr 0 00:02:34, Sys 0 00:00:00  -  Run Remote Usage
		Usr 0 00:00:00, Sys 0 00:00:00  -  Run Local Usage
	0  -  Run Bytes Sent By Job
	0  -  Run Bytes Received By Job
	Partitionable Resources :    Usage  Request Allocated
	   Cpus                 :                 1         8
	   Disk (KB)            :        1        1   7541240
	   Memory (MB)          :      102        1     15928
...
006 (007.006.000) 11/25 14:27:29 Image size of job updated: 7500000
	101  -  MemoryUsage of job (MB)
	102412  -  ResidentSetSize of job (KB)
...
006 (007.003.000) 11/25 14:27:39 Image size of job updated: 5793712
	76  -  MemoryUsage of job (MB)
	76900  -  ResidentSetSize of job (KB)
...
006 (007.002.000) 11/25 14:27:40 Image size of job updated: 5793684
	76  -  MemoryUsage of job (MB)
	76828  -  ResidentSetSize of job (KB)
...
006 (007.013.000) 11/25 14:27:40 Image size of job updated: 5796232
	103  -  MemoryUsage of job (MB)
	105416  -  ResidentSetSize of job (KB)
...
006 (007.008.000) 11/25 14:27:40 Image size of job updated: 5793880
	82  -  MemoryUsage of job (MB)
	82992  -  ResidentSetSize of job (KB)
...
006 (007.009.000) 11/25 14:27:40 Image size of job updated: 5793828
	103  -  MemoryUsage of job (MB)
	104568  -  ResidentSetSize of job (KB)
...
006 (007.019.000) 11/25 14:27:42 Image size of job updated: 5784468
	75  -  MemoryUsage of job (MB)
	76220  -  ResidentSetSize of job (KB)
...
006 (007.016.000) 11/25 14:27:42 Image size of job updated: 5793520
	102  -  MemoryUsage of job (MB)
	104196  -  ResidentSetSize of job (KB)
...
001 (007.015.000) 11/25 14:27:43 Job executing on host: <146.169.52.90:46684>
...
001 (007.017.000) 11/25 14:27:43 Job executing on host: <146.169.52.94:60760>
...
006 (007.018.000) 11/25 14:28:40 Image size of job updated: 5795836
	78  -  MemoryUsage of job (MB)
	79160  -  ResidentSetSize of job (KB)
...
006 (007.011.000) 11/25 14:28:41 Image size of job updated: 5793580
	77  -  MemoryUsage of job (MB)
	78688  -  ResidentSetSize of job (KB)
...
006 (007.005.000) 11/25 14:28:42 Image size of job updated: 5796136
	105  -  MemoryUsage of job (MB)
	107000  -  ResidentSetSize of job (KB)
...
006 (007.010.000) 11/25 14:28:42 Image size of job updated: 5795940
	76  -  MemoryUsage of job (MB)
	77436  -  ResidentSetSize of job (KB)
...
006 (007.004.000) 11/25 14:29:18 Image size of job updated: 5810204
	104  -  MemoryUsage of job (MB)
	105620  -  ResidentSetSize of job (KB)
...
005 (007.004.000) 11/25 14:29:18 Job terminated.
	(1) Normal termination (return value 0)
		Usr 0 00:13:46, Sys 0 00:00:00  -  Run Remote Usage
		Usr 0 00:00:00, Sys 0 00:00:00  -  Run Local Usage
		Usr 0 00:13:46, Sys 0 00:00:00  -  Total Remote Usage
		Usr 0 00:00:00, Sys 0 00:00:00  -  Total Local Usage
	0  -  Run Bytes Sent By Job
	0  -  Run Bytes Received By Job
	0  -  Total Bytes Sent By Job
	0  -  Total Bytes Received By Job
	Partitionable Resources :    Usage  Request Allocated
	   Cpus                 :                 1         8
	   Disk (KB)            :        1        1   7354180
	   Memory (MB)          :      104        1     15928
...
006 (007.001.000) 11/25 14:29:45 Image size of job updated: 5795176
	78  -  MemoryUsage of job (MB)
	79124  -  ResidentSetSize of job (KB)
...
005 (007.001.000) 11/25 14:29:45 Job terminated.
	(1) Normal termination (return value 0)
		Usr 0 00:12:58, Sys 0 00:00:00  -  Run Remote Usage
		Usr 0 00:00:00, Sys 0 00:00:00  -  Run Local Usage
		Usr 0 00:12:58, Sys 0 00:00:00  -  Total Remote Usage
		Usr 0 00:00:00, Sys 0 00:00:00  -  Total Local Usage
	0  -  Run Bytes Sent By Job
	0  -  Run Bytes Received By Job
	0  -  Total Bytes Sent By Job
	0  -  Total Bytes Received By Job
	Partitionable Resources :    Usage  Request Allocated
	   Cpus                 :                 1         8
	   Disk (KB)            :        1        1   7995236
	   Memory (MB)          :       78        1     15922
...
010 (007.015.000) 11/25 14:29:51 Job was suspended.
	Number of processes actually suspended: 2
...
010 (007.011.000) 11/25 14:30:02 Job was suspended.
	Number of processes actually suspended: 2
...
006 (007.011.000) 11/25 14:30:02 Image size of job updated: 5794244
	78  -  MemoryUsage of job (MB)
	79276  -  ResidentSetSize of job (KB)
...
006 (007.007.000) 11/25 14:30:40 Image size of job updated: 5786156
	102  -  MemoryUsage of job (MB)
	103660  -  ResidentSetSize of job (KB)
...
006 (007.000.000) 11/25 14:30:44 Image size of job updated: 5797828
	103  -  MemoryUsage of job (MB)
	105340  -  ResidentSetSize of job (KB)
...
005 (007.000.000) 11/25 14:30:44 Job terminated.
	(1) Normal termination (return value 0)
		Usr 0 00:13:58, Sys 0 00:00:00  -  Run Remote Usage
		Usr 0 00:00:00, Sys 0 00:00:00  -  Run Local Usage
		Usr 0 00:13:58, Sys 0 00:00:00  -  Total Remote Usage
		Usr 0 00:00:00, Sys 0 00:00:00  -  Total Local Usage
	0  -  Run Bytes Sent By Job
	0  -  Run Bytes Received By Job
	0  -  Total Bytes Sent By Job
	0  -  Total Bytes Received By Job
	Partitionable Resources :    Usage  Request Allocated
	   Cpus                 :                 1         8
	   Disk (KB)            :        1        1   7842588
	   Memory (MB)          :      103        1     15928
...
006 (007.002.000) 11/25 14:30:55 Image size of job updated: 5795140
	76  -  MemoryUsage of job (MB)
	76828  -  ResidentSetSize of job (KB)
...
005 (007.002.000) 11/25 14:30:55 Job terminated.
	(1) Normal termination (return value 0)
		Usr 0 00:13:11, Sys 0 00:00:00  -  Run Remote Usage
		Usr 0 00:00:00, Sys 0 00:00:00  -  Run Local Usage
		Usr 0 00:13:11, Sys 0 00:00:00  -  Total Remote Usage
		Usr 0 00:00:00, Sys 0 00:00:00  -  Total Local Usage
	0  -  Run Bytes Sent By Job
	0  -  Run Bytes Received By Job
	0  -  Total Bytes Sent By Job
	0  -  Total Bytes Received By Job
	Partitionable Resources :    Usage  Request Allocated
	   Cpus                 :                 1         8
	   Disk (KB)            :        1        1   8273756
	   Memory (MB)          :       76        1     15923
...
006 (007.008.000) 11/25 14:31:01 Image size of job updated: 5795332
	82  -  MemoryUsage of job (MB)
	82992  -  ResidentSetSize of job (KB)
...
005 (007.008.000) 11/25 14:31:01 Job terminated.
	(1) Normal termination (return value 0)
		Usr 0 00:13:14, Sys 0 00:00:00  -  Run Remote Usage
		Usr 0 00:00:00, Sys 0 00:00:00  -  Run Local Usage
		Usr 0 00:13:14, Sys 0 00:00:00  -  Total Remote Usage
		Usr 0 00:00:00, Sys 0 00:00:00  -  Total Local Usage
	0  -  Run Bytes Sent By Job
	0  -  Run Bytes Received By Job
	0  -  Total Bytes Sent By Job
	0  -  Total Bytes Received By Job
	Partitionable Resources :    Usage  Request Allocated
	   Cpus                 :                 1         8
	   Disk (KB)            :        1        1   8581260
	   Memory (MB)          :       82        1     15922
...
011 (007.012.000) 11/25 14:31:11 Job was unsuspended.
...
006 (007.012.000) 11/25 14:31:11 Image size of job updated: 5792820
	78  -  MemoryUsage of job (MB)
	79060  -  ResidentSetSize of job (KB)
...
004 (007.012.000) 11/25 14:31:11 Job was evicted.
	(0) Job was not checkpointed.
		Usr 0 00:07:34, Sys 0 00:00:00  -  Run Remote Usage
		Usr 0 00:00:00, Sys 0 00:00:00  -  Run Local Usage
	0  -  Run Bytes Sent By Job
	0  -  Run Bytes Received By Job
	Partitionable Resources :    Usage  Request Allocated
	   Cpus                 :                 1         8
	   Disk (KB)            :        1        1   8507932
	   Memory (MB)          :       78        1     15922
...
006 (007.003.000) 11/25 14:31:12 Image size of job updated: 5795172
	76  -  MemoryUsage of job (MB)
	76900  -  ResidentSetSize of job (KB)
...
005 (007.003.000) 11/25 14:31:12 Job terminated.
	(1) Normal termination (return value 0)
		Usr 0 00:13:30, Sys 0 00:00:00  -  Run Remote Usage
		Usr 0 00:00:00, Sys 0 00:00:00  -  Run Local Usage
		Usr 0 00:13:30, Sys 0 00:00:00  -  Total Remote Usage
		Usr 0 00:00:00, Sys 0 00:00:00  -  Total Local Usage
	0  -  Run Bytes Sent By Job
	0  -  Run Bytes Received By Job
	0  -  Total Bytes Sent By Job
	0  -  Total Bytes Received By Job
	Partitionable Resources :    Usage  Request Allocated
	   Cpus                 :                 1         8
	   Disk (KB)            :        1        1   7881676
	   Memory (MB)          :       76        1     15923
...
001 (007.012.000) 11/25 14:31:12 Job executing on host: <146.169.52.118:43801>
...
006 (007.009.000) 11/25 14:31:19 Image size of job updated: 5795668
	103  -  MemoryUsage of job (MB)
	104568  -  ResidentSetSize of job (KB)
...
005 (007.009.000) 11/25 14:31:19 Job terminated.
	(1) Normal termination (return value 0)
		Usr 0 00:13:43, Sys 0 00:00:00  -  Run Remote Usage
		Usr 0 00:00:00, Sys 0 00:00:00  -  Run Local Usage
		Usr 0 00:13:43, Sys 0 00:00:00  -  Total Remote Usage
		Usr 0 00:00:00, Sys 0 00:00:00  -  Total Local Usage
	0  -  Run Bytes Sent By Job
	0  -  Run Bytes Received By Job
	0  -  Total Bytes Sent By Job
	0  -  Total Bytes Received By Job
	Partitionable Resources :    Usage  Request Allocated
	   Cpus                 :                 1         8
	   Disk (KB)            :        1        1   9146772
	   Memory (MB)          :      103        1     15922
...
006 (007.013.000) 11/25 14:31:37 Image size of job updated: 5798080
	103  -  MemoryUsage of job (MB)
	105416  -  ResidentSetSize of job (KB)
...
005 (007.013.000) 11/25 14:31:37 Job terminated.
	(1) Normal termination (return value 0)
		Usr 0 00:14:00, Sys 0 00:00:00  -  Run Remote Usage
		Usr 0 00:00:00, Sys 0 00:00:00  -  Run Local Usage
		Usr 0 00:14:00, Sys 0 00:00:00  -  Total Remote Usage
		Usr 0 00:00:00, Sys 0 00:00:00  -  Total Local Usage
	0  -  Run Bytes Sent By Job
	0  -  Run Bytes Received By Job
	0  -  Total Bytes Sent By Job
	0  -  Total Bytes Received By Job
	Partitionable Resources :    Usage  Request Allocated
	   Cpus                 :                 1         8
	   Disk (KB)            :        1        1   8297672
	   Memory (MB)          :      103        1     15928
...
011 (007.015.000) 11/25 14:31:51 Job was unsuspended.
...
011 (007.014.000) 11/25 14:32:02 Job was unsuspended.
...
004 (007.014.000) 11/25 14:32:02 Job was evicted.
	(0) Job was not checkpointed.
		Usr 0 00:07:28, Sys 0 00:00:00  -  Run Remote Usage
		Usr 0 00:00:00, Sys 0 00:00:00  -  Run Local Usage
	0  -  Run Bytes Sent By Job
	0  -  Run Bytes Received By Job
	Partitionable Resources :    Usage  Request Allocated
	   Cpus                 :                 1         8
	   Disk (KB)            :        1        1   8068360
	   Memory (MB)          :       77        1     15928
...
006 (007.005.000) 11/25 14:32:02 Image size of job updated: 5797588
	105  -  MemoryUsage of job (MB)
	107000  -  ResidentSetSize of job (KB)
...
005 (007.005.000) 11/25 14:32:02 Job terminated.
	(1) Normal termination (return value 0)
		Usr 0 00:13:29, Sys 0 00:00:00  -  Run Remote Usage
		Usr 0 00:00:00, Sys 0 00:00:00  -  Run Local Usage
		Usr 0 00:13:29, Sys 0 00:00:00  -  Total Remote Usage
		Usr 0 00:00:00, Sys 0 00:00:00  -  Total Local Usage
	0  -  Run Bytes Sent By Job
	0  -  Run Bytes Received By Job
	0  -  Total Bytes Sent By Job
	0  -  Total Bytes Received By Job
	Partitionable Resources :    Usage  Request Allocated
	   Cpus                 :                 1         8
	   Disk (KB)            :        1        1   9080532
	   Memory (MB)          :      105        1     15928
...
001 (007.014.000) 11/25 14:32:02 Job executing on host: <146.169.53.70:34645>
...
006 (007.018.000) 11/25 14:32:10 Image size of job updated: 5797420
	78  -  MemoryUsage of job (MB)
	79160  -  ResidentSetSize of job (KB)
...
005 (007.018.000) 11/25 14:32:10 Job terminated.
	(1) Normal termination (return value 0)
		Usr 0 00:13:28, Sys 0 00:00:00  -  Run Remote Usage
		Usr 0 00:00:00, Sys 0 00:00:00  -  Run Local Usage
		Usr 0 00:13:28, Sys 0 00:00:00  -  Total Remote Usage
		Usr 0 00:00:00, Sys 0 00:00:00  -  Total Local Usage
	0  -  Run Bytes Sent By Job
	0  -  Run Bytes Received By Job
	0  -  Total Bytes Sent By Job
	0  -  Total Bytes Received By Job
	Partitionable Resources :    Usage  Request Allocated
	   Cpus                 :                 1         8
	   Disk (KB)            :        1        1   6972824
	   Memory (MB)          :       78        1     15928
...
006 (007.007.000) 11/25 14:32:30 Image size of job updated: 5787072
	102  -  MemoryUsage of job (MB)
	103660  -  ResidentSetSize of job (KB)
...
005 (007.007.000) 11/25 14:32:30 Job terminated.
	(1) Normal termination (return value 0)
		Usr 0 00:16:44, Sys 0 00:00:00  -  Run Remote Usage
		Usr 0 00:00:00, Sys 0 00:00:00  -  Run Local Usage
		Usr 0 00:16:44, Sys 0 00:00:00  -  Total Remote Usage
		Usr 0 00:00:00, Sys 0 00:00:00  -  Total Local Usage
	0  -  Run Bytes Sent By Job
	0  -  Run Bytes Received By Job
	0  -  Total Bytes Sent By Job
	0  -  Total Bytes Received By Job
	Partitionable Resources :    Usage  Request Allocated
	   Cpus                 :                 1         8
	   Disk (KB)            :        1        1   7669712
	   Memory (MB)          :      102        1     15892
...
006 (007.006.000) 11/25 14:32:30 Image size of job updated: 7500000
	103  -  MemoryUsage of job (MB)
	104748  -  ResidentSetSize of job (KB)
...
006 (007.010.000) 11/25 14:32:37 Image size of job updated: 5797392
	76  -  MemoryUsage of job (MB)
	77436  -  ResidentSetSize of job (KB)
...
005 (007.010.000) 11/25 14:32:37 Job terminated.
	(1) Normal termination (return value 0)
		Usr 0 00:13:57, Sys 0 00:00:00  -  Run Remote Usage
		Usr 0 00:00:00, Sys 0 00:00:00  -  Run Local Usage
		Usr 0 00:13:57, Sys 0 00:00:00  -  Total Remote Usage
		Usr 0 00:00:00, Sys 0 00:00:00  -  Total Local Usage
	0  -  Run Bytes Sent By Job
	0  -  Run Bytes Received By Job
	0  -  Total Bytes Sent By Job
	0  -  Total Bytes Received By Job
	Partitionable Resources :    Usage  Request Allocated
	   Cpus                 :                 1         8
	   Disk (KB)            :        1        1   7785232
	   Memory (MB)          :       76        1     15928
...
006 (007.019.000) 11/25 14:32:42 Image size of job updated: 5786184
	104  -  MemoryUsage of job (MB)
	105616  -  ResidentSetSize of job (KB)
...
011 (007.016.000) 11/25 14:32:42 Job was unsuspended.
...
004 (007.016.000) 11/25 14:32:42 Job was evicted.
	(0) Job was not checkpointed.
		Usr 0 00:09:04, Sys 0 00:00:00  -  Run Remote Usage
		Usr 0 00:00:00, Sys 0 00:00:00  -  Run Local Usage
	0  -  Run Bytes Sent By Job
	0  -  Run Bytes Received By Job
	Partitionable Resources :    Usage  Request Allocated
	   Cpus                 :                 1         8
	   Disk (KB)            :        1        1   8336544
	   Memory (MB)          :      102        1     15922
...
006 (007.015.000) 11/25 14:32:53 Image size of job updated: 7500000
	100  -  MemoryUsage of job (MB)
	101888  -  ResidentSetSize of job (KB)
...
001 (007.016.000) 11/25 14:33:43 Job executing on host: <146.169.53.204:36654>
...
011 (007.011.000) 11/25 14:35:22 Job was unsuspended.
...
005 (007.006.000) 11/25 14:35:26 Job terminated.
	(1) Normal termination (return value 0)
		Usr 0 00:12:54, Sys 0 00:00:00  -  Run Remote Usage
		Usr 0 00:00:00, Sys 0 00:00:00  -  Run Local Usage
		Usr 0 00:12:54, Sys 0 00:00:00  -  Total Remote Usage
		Usr 0 00:00:00, Sys 0 00:00:00  -  Total Local Usage
	0  -  Run Bytes Sent By Job
	0  -  Run Bytes Received By Job
	0  -  Total Bytes Sent By Job
	0  -  Total Bytes Received By Job
	Partitionable Resources :    Usage  Request Allocated
	   Cpus                 :                 1         8
	   Disk (KB)            :        1        1   8581052
	   Memory (MB)          :      103       98     15922
...
006 (007.019.000) 11/25 14:35:50 Image size of job updated: 5787364
	104  -  MemoryUsage of job (MB)
	105616  -  ResidentSetSize of job (KB)
...
005 (007.019.000) 11/25 14:35:50 Job terminated.
	(1) Normal termination (return value 0)
		Usr 0 00:18:13, Sys 0 00:00:00  -  Run Remote Usage
		Usr 0 00:00:00, Sys 0 00:00:00  -  Run Local Usage
		Usr 0 00:18:13, Sys 0 00:00:00  -  Total Remote Usage
		Usr 0 00:00:00, Sys 0 00:00:00  -  Total Local Usage
	0  -  Run Bytes Sent By Job
	0  -  Run Bytes Received By Job
	0  -  Total Bytes Sent By Job
	0  -  Total Bytes Received By Job
	Partitionable Resources :    Usage  Request Allocated
	   Cpus                 :                 1         8
	   Disk (KB)            :        1        1   9979508
	   Memory (MB)          :      104        1     15891
...
006 (007.014.000) 11/25 14:37:12 Image size of job updated: 7500000
	103  -  MemoryUsage of job (MB)
	105164  -  ResidentSetSize of job (KB)
...
006 (007.011.000) 11/25 14:37:45 Image size of job updated: 5794648
	78  -  MemoryUsage of job (MB)
	79276  -  ResidentSetSize of job (KB)
...
005 (007.011.000) 11/25 14:37:45 Job terminated.
	(1) Normal termination (return value 0)
		Usr 0 00:13:38, Sys 0 00:00:00  -  Run Remote Usage
		Usr 0 00:00:00, Sys 0 00:00:00  -  Run Local Usage
		Usr 0 00:13:38, Sys 0 00:00:00  -  Total Remote Usage
		Usr 0 00:00:00, Sys 0 00:00:00  -  Total Local Usage
	0  -  Run Bytes Sent By Job
	0  -  Run Bytes Received By Job
	0  -  Total Bytes Sent By Job
	0  -  Total Bytes Received By Job
	Partitionable Resources :    Usage  Request Allocated
	   Cpus                 :                 1         8
	   Disk (KB)            :        1        1   6669476
	   Memory (MB)          :       78        1     15923
...
006 (007.015.000) 11/25 14:37:53 Image size of job updated: 7500000
	102  -  MemoryUsage of job (MB)
	104080  -  ResidentSetSize of job (KB)
...
005 (007.017.000) 11/25 14:41:27 Job terminated.
	(1) Normal termination (return value 0)
		Usr 0 00:13:29, Sys 0 00:00:00  -  Run Remote Usage
		Usr 0 00:00:00, Sys 0 00:00:00  -  Run Local Usage
		Usr 0 00:13:29, Sys 0 00:00:00  -  Total Remote Usage
		Usr 0 00:00:00, Sys 0 00:00:00  -  Total Local Usage
	0  -  Run Bytes Sent By Job
	0  -  Run Bytes Received By Job
	0  -  Total Bytes Sent By Job
	0  -  Total Bytes Received By Job
	Partitionable Resources :    Usage  Request Allocated
	   Cpus                 :                 1         8
	   Disk (KB)            :        1        1   5697980
	   Memory (MB)          :      123      123     15928
...
006 (007.014.000) 11/25 14:42:12 Image size of job updated: 7500000
	105  -  MemoryUsage of job (MB)
	106884  -  ResidentSetSize of job (KB)
...
006 (007.015.000) 11/25 14:42:53 Image size of job updated: 7500000
	104  -  MemoryUsage of job (MB)
	106296  -  ResidentSetSize of job (KB)
...
005 (007.015.000) 11/25 14:43:36 Job terminated.
	(1) Normal termination (return value 0)
		Usr 0 00:13:48, Sys 0 00:00:00  -  Run Remote Usage
		Usr 0 00:00:00, Sys 0 00:00:00  -  Run Local Usage
		Usr 0 00:13:48, Sys 0 00:00:00  -  Total Remote Usage
		Usr 0 00:00:00, Sys 0 00:00:00  -  Total Local Usage
	0  -  Run Bytes Sent By Job
	0  -  Run Bytes Received By Job
	0  -  Total Bytes Sent By Job
	0  -  Total Bytes Received By Job
	Partitionable Resources :    Usage  Request Allocated
	   Cpus                 :                 1         8
	   Disk (KB)            :        1        1   5579504
	   Memory (MB)          :      104       98     15928
...
005 (007.012.000) 11/25 14:44:56 Job terminated.
	(1) Normal termination (return value 0)
		Usr 0 00:13:34, Sys 0 00:00:00  -  Run Remote Usage
		Usr 0 00:00:00, Sys 0 00:00:00  -  Run Local Usage
		Usr 0 00:13:34, Sys 0 00:00:00  -  Total Remote Usage
		Usr 0 00:00:00, Sys 0 00:00:00  -  Total Local Usage
	0  -  Run Bytes Sent By Job
	0  -  Run Bytes Received By Job
	0  -  Total Bytes Sent By Job
	0  -  Total Bytes Received By Job
	Partitionable Resources :    Usage  Request Allocated
	   Cpus                 :                 1         8
	   Disk (KB)            :        1        1   7881676
	   Memory (MB)          :       98       98     15923
...
005 (007.014.000) 11/25 14:45:26 Job terminated.
	(1) Normal termination (return value 0)
		Usr 0 00:13:13, Sys 0 00:00:00  -  Run Remote Usage
		Usr 0 00:00:00, Sys 0 00:00:00  -  Run Local Usage
		Usr 0 00:13:13, Sys 0 00:00:00  -  Total Remote Usage
		Usr 0 00:00:00, Sys 0 00:00:00  -  Total Local Usage
	0  -  Run Bytes Sent By Job
	0  -  Run Bytes Received By Job
	0  -  Total Bytes Sent By Job
	0  -  Total Bytes Received By Job
	Partitionable Resources :    Usage  Request Allocated
	   Cpus                 :                 1         8
	   Disk (KB)            :        1        1   9080532
	   Memory (MB)          :      105       98     15928
...
005 (007.016.000) 11/25 14:47:15 Job terminated.
	(1) Normal termination (return value 0)
		Usr 0 00:13:29, Sys 0 00:00:00  -  Run Remote Usage
		Usr 0 00:00:00, Sys 0 00:00:00  -  Run Local Usage
		Usr 0 00:13:29, Sys 0 00:00:00  -  Total Remote Usage
		Usr 0 00:00:00, Sys 0 00:00:00  -  Total Local Usage
	0  -  Run Bytes Sent By Job
	0  -  Run Bytes Received By Job
	0  -  Total Bytes Sent By Job
	0  -  Total Bytes Received By Job
	Partitionable Resources :    Usage  Request Allocated
	   Cpus                 :                 1         8
	   Disk (KB)            :        1        1   8581288
	   Memory (MB)          :      123      123     15928
...
